<?xml version="1.0" encoding="UTF-8"?>
<!-- Generated by org.testng.reporters.JUnitReportReporter -->
<testsuite hostname="asalunkhe-lap-0292" failures="0" tests="7" name="org.example.TestClass" time="14.459" errors="0" timestamp="2022-07-20T14:22:57 IST" skipped="0">
  <testcase classname="org.example.TestClass" name="TripSel" time="0.141"/>
  <system-out/>
  <testcase classname="org.example.TestClass" name="CityLoc" time="5.366"/>
  <system-out/>
  <testcase classname="org.example.TestClass" name="SetDepDate" time="2.285"/>
  <system-out/>
  <testcase classname="org.example.TestClass" name="SetRetDate" time="2.321"/>
  <system-out/>
  <testcase classname="org.example.TestClass" name="CalDoneBtn" time="0.354"/>
  <system-out/>
  <testcase classname="org.example.TestClass" name="SelTravelClass" time="0.323"/>
  <system-out/>
  <testcase classname="org.example.TestClass" name="SearchFlightsBtn" time="3.669"/>
  <system-out/>
</testsuite> <!-- org.example.TestClass -->
