<?xml version="1.0" encoding="UTF-8"?>
<!-- Generated by org.testng.reporters.JUnitReportReporter -->
<testsuite hostname="asalunkhe-lap-0292" failures="0" tests="1" name="org.example.AppTest" time="0.001" errors="0" timestamp="2022-07-20T14:22:57 IST" skipped="0">
  <testcase classname="org.example.AppTest" name="testApp" time="0.001"/>
  <system-out/>
</testsuite> <!-- org.example.AppTest -->
